<?xml version="1.0" encoding="UTF-8"?>
<!-- Generated by org.testng.reporters.JUnitReportReporter -->
<testsuite hostname="DESKTOP-3CHMCE1" name="by.htp.quizful.QuizfulTests" tests="1" failures="0" timestamp="22 Apr 2018 12:38:13 GMT" time="95.990" errors="0">
  <testcase name="checkPersonalDataSaved" time="95.990" classname="by.htp.quizful.QuizfulTests"/>
</testsuite> <!-- by.htp.quizful.QuizfulTests -->
