<?xml version="1.0" encoding="UTF-8"?>
<!-- Generated by org.testng.reporters.JUnitReportReporter -->
<testsuite hostname="DESKTOP-3CHMCE1" name="by.htp.quizful.QuizfulTests" tests="1" failures="0" timestamp="22 Apr 2018 16:08:08 GMT" time="180.729" errors="0">
  <testcase name="checkPersonalDataSaved" time="180.729" classname="by.htp.quizful.QuizfulTests"/>
</testsuite> <!-- by.htp.quizful.QuizfulTests -->
